g:\my_project\demo\miniaifacedemo\arcfacedemo\x64\release\arcfacedemo.pch
g:\my_project\demo\miniaifacedemo\arcfacedemo\x64\release\vc143.pdb
g:\my_project\demo\miniaifacedemo\arcfacedemo\x64\release\stdafx.obj
g:\my_project\demo\miniaifacedemo\arcfacedemo\x64\release\arcfaceengine.obj
g:\my_project\demo\miniaifacedemo\arcfacedemo\x64\release\arcfacedemodlg.obj
g:\my_project\demo\miniaifacedemo\arcfacedemo\x64\release\arcfacedemo.obj
g:\my_project\demo\miniaifacedemo\x64\release\arcfacedemo.exe
g:\my_project\demo\miniaifacedemo\arcfacedemo\x64\release\arcfacedemo.ipdb
g:\my_project\demo\miniaifacedemo\x64\release\arcfacedemo.pdb
g:\my_project\demo\miniaifacedemo\arcfacedemo\x64\release\arcfacedemo.iobj
g:\my_project\demo\miniaifacedemo\arcfacedemo\x64\release\arcfacedemo.res
g:\my_project\demo\miniaifacedemo\arcfacedemo\x64\release\vc142.pdb
g:\my_project\demo\miniaifacedemo\arcfacedemo\x64\release\arcfacedemo.tlog\cl.command.1.tlog
g:\my_project\demo\miniaifacedemo\arcfacedemo\x64\release\arcfacedemo.tlog\cl.items.tlog
g:\my_project\demo\miniaifacedemo\arcfacedemo\x64\release\arcfacedemo.tlog\cl.read.1.tlog
g:\my_project\demo\miniaifacedemo\arcfacedemo\x64\release\arcfacedemo.tlog\cl.write.1.tlog
g:\my_project\demo\miniaifacedemo\arcfacedemo\x64\release\arcfacedemo.tlog\link.command.1.tlog
g:\my_project\demo\miniaifacedemo\arcfacedemo\x64\release\arcfacedemo.tlog\link.read.1.tlog
g:\my_project\demo\miniaifacedemo\arcfacedemo\x64\release\arcfacedemo.tlog\link.write.1.tlog
g:\my_project\demo\miniaifacedemo\arcfacedemo\x64\release\arcfacedemo.tlog\rc.command.1.tlog
g:\my_project\demo\miniaifacedemo\arcfacedemo\x64\release\arcfacedemo.tlog\rc.read.1.tlog
g:\my_project\demo\miniaifacedemo\arcfacedemo\x64\release\arcfacedemo.tlog\rc.write.1.tlog
