g:\my_project\demo\miniaifacedemo\arcfacedemo\x64\debug\arcfacedemo.pch
g:\my_project\demo\miniaifacedemo\arcfacedemo\x64\debug\vc143.pdb
g:\my_project\demo\miniaifacedemo\arcfacedemo\x64\debug\vc143.idb
g:\my_project\demo\miniaifacedemo\arcfacedemo\x64\debug\stdafx.obj
g:\my_project\demo\miniaifacedemo\arcfacedemo\x64\debug\arcfaceengine.obj
g:\my_project\demo\miniaifacedemo\arcfacedemo\x64\debug\miniaifacedemodlg.obj
g:\my_project\demo\miniaifacedemo\arcfacedemo\x64\debug\miniaifacedemo.obj
g:\my_project\demo\miniaifacedemo\arcfacedemo\x64\debug\arcfacedemo.ilk
g:\my_project\demo\miniaifacedemo\x64\debug\arcfacedemo.exe
g:\my_project\demo\miniaifacedemo\x64\debug\arcfacedemo.pdb
g:\my_project\demo\miniaifacedemo\arcfacedemo\x64\debug\arcfacedemo.res
g:\my_project\demo\miniaifacedemo\arcfacedemo\x64\debug\arcfacedemo.tlog\cl.command.1.tlog
g:\my_project\demo\miniaifacedemo\arcfacedemo\x64\debug\arcfacedemo.tlog\cl.items.tlog
g:\my_project\demo\miniaifacedemo\arcfacedemo\x64\debug\arcfacedemo.tlog\cl.read.1.tlog
g:\my_project\demo\miniaifacedemo\arcfacedemo\x64\debug\arcfacedemo.tlog\cl.write.1.tlog
g:\my_project\demo\miniaifacedemo\arcfacedemo\x64\debug\arcfacedemo.tlog\link.command.1.tlog
g:\my_project\demo\miniaifacedemo\arcfacedemo\x64\debug\arcfacedemo.tlog\link.read.1.tlog
g:\my_project\demo\miniaifacedemo\arcfacedemo\x64\debug\arcfacedemo.tlog\link.write.1.tlog
g:\my_project\demo\miniaifacedemo\arcfacedemo\x64\debug\arcfacedemo.tlog\rc.command.1.tlog
g:\my_project\demo\miniaifacedemo\arcfacedemo\x64\debug\arcfacedemo.tlog\rc.read.1.tlog
g:\my_project\demo\miniaifacedemo\arcfacedemo\x64\debug\arcfacedemo.tlog\rc.write.1.tlog
